2025-02-20T16:00:52.459+01:00  INFO 14824 --- [xmluml] [restartedMain] com.project.xmluml.XmlumlApplication     : Starting XmlumlApplication using Java 23.0.1 with PID 14824 (C:\Users\asmae\Desktop\UML Generator\xmluml\target\classes started by asmae in C:\Users\asmae\Desktop\UML Generator)
2025-02-20T16:00:52.531+01:00  INFO 14824 --- [xmluml] [restartedMain] com.project.xmluml.XmlumlApplication     : No active profile set, falling back to 1 default profile: "default"
2025-02-20T16:00:52.710+01:00  INFO 14824 --- [xmluml] [restartedMain] .e.DevToolsPropertyDefaultsPostProcessor : Devtools property defaults active! Set 'spring.devtools.add-properties' to 'false' to disable
2025-02-20T16:00:52.711+01:00  INFO 14824 --- [xmluml] [restartedMain] .e.DevToolsPropertyDefaultsPostProcessor : For additional web related logging consider setting the 'logging.level.web' property to 'DEBUG'
2025-02-20T16:00:54.381+01:00  INFO 14824 --- [xmluml] [restartedMain] .s.d.r.c.RepositoryConfigurationDelegate : Bootstrapping Spring Data JPA repositories in DEFAULT mode.
2025-02-20T16:00:54.429+01:00  INFO 14824 --- [xmluml] [restartedMain] .s.d.r.c.RepositoryConfigurationDelegate : Finished Spring Data repository scanning in 24 ms. Found 0 JPA repository interfaces.
2025-02-20T16:00:55.955+01:00  INFO 14824 --- [xmluml] [restartedMain] o.s.b.w.embedded.tomcat.TomcatWebServer  : Tomcat initialized with port 8084 (http)
2025-02-20T16:00:55.997+01:00  INFO 14824 --- [xmluml] [restartedMain] o.apache.catalina.core.StandardService   : Starting service [Tomcat]
2025-02-20T16:00:55.999+01:00  INFO 14824 --- [xmluml] [restartedMain] o.apache.catalina.core.StandardEngine    : Starting Servlet engine: [Apache Tomcat/10.1.34]
2025-02-20T16:00:56.193+01:00  INFO 14824 --- [xmluml] [restartedMain] o.a.c.c.C.[Tomcat].[localhost].[/]       : Initializing Spring embedded WebApplicationContext
2025-02-20T16:00:56.194+01:00  INFO 14824 --- [xmluml] [restartedMain] w.s.c.ServletWebServerApplicationContext : Root WebApplicationContext: initialization completed in 3480 ms
2025-02-20T16:00:56.589+01:00  INFO 14824 --- [xmluml] [restartedMain] o.hibernate.jpa.internal.util.LogHelper  : HHH000204: Processing PersistenceUnitInfo [name: default]
2025-02-20T16:00:56.771+01:00  INFO 14824 --- [xmluml] [restartedMain] org.hibernate.Version                    : HHH000412: Hibernate ORM core version 6.6.4.Final
2025-02-20T16:00:56.885+01:00  INFO 14824 --- [xmluml] [restartedMain] o.h.c.internal.RegionFactoryInitiator    : HHH000026: Second-level cache disabled
2025-02-20T16:00:57.540+01:00  INFO 14824 --- [xmluml] [restartedMain] o.s.o.j.p.SpringPersistenceUnitInfo      : No LoadTimeWeaver setup: ignoring JPA class transformer
2025-02-20T16:00:57.626+01:00  INFO 14824 --- [xmluml] [restartedMain] com.zaxxer.hikari.HikariDataSource       : HikariPool-1 - Starting...
2025-02-20T16:00:58.190+01:00  INFO 14824 --- [xmluml] [restartedMain] com.zaxxer.hikari.pool.HikariPool        : HikariPool-1 - Added connection conn0: url=jdbc:h2:mem:testdb user=SA
2025-02-20T16:00:58.194+01:00  INFO 14824 --- [xmluml] [restartedMain] com.zaxxer.hikari.HikariDataSource       : HikariPool-1 - Start completed.
2025-02-20T16:00:58.319+01:00  INFO 14824 --- [xmluml] [restartedMain] org.hibernate.orm.connections.pooling    : HHH10001005: Database info:
	Database JDBC URL [Connecting through datasource 'HikariDataSource (HikariPool-1)']
	Database driver: undefined/unknown
	Database version: 2.3.232
	Autocommit mode: undefined/unknown
	Isolation level: undefined/unknown
	Minimum pool size: undefined/unknown
	Maximum pool size: undefined/unknown
2025-02-20T16:00:59.012+01:00  INFO 14824 --- [xmluml] [restartedMain] o.h.e.t.j.p.i.JtaPlatformInitiator       : HHH000489: No JTA platform available (set 'hibernate.transaction.jta.platform' to enable JTA platform integration)
2025-02-20T16:00:59.025+01:00  INFO 14824 --- [xmluml] [restartedMain] j.LocalContainerEntityManagerFactoryBean : Initialized JPA EntityManagerFactory for persistence unit 'default'
2025-02-20T16:00:59.260+01:00  WARN 14824 --- [xmluml] [restartedMain] JpaBaseConfiguration$JpaWebConfiguration : spring.jpa.open-in-view is enabled by default. Therefore, database queries may be performed during view rendering. Explicitly configure spring.jpa.open-in-view to disable this warning
2025-02-20T16:00:59.341+01:00  INFO 14824 --- [xmluml] [restartedMain] o.s.b.a.w.s.WelcomePageHandlerMapping    : Adding welcome page: class path resource [static/index.html]
2025-02-20T16:01:00.104+01:00  INFO 14824 --- [xmluml] [restartedMain] o.s.b.a.h2.H2ConsoleAutoConfiguration    : H2 console available at '/h2-console'. Database available at 'jdbc:h2:mem:testdb'
2025-02-20T16:01:00.232+01:00  WARN 14824 --- [xmluml] [restartedMain] o.s.b.d.a.OptionalLiveReloadServer       : Unable to start LiveReload server
2025-02-20T16:01:00.308+01:00  INFO 14824 --- [xmluml] [restartedMain] o.s.b.w.embedded.tomcat.TomcatWebServer  : Tomcat started on port 8084 (http) with context path '/'
2025-02-20T16:01:00.337+01:00  INFO 14824 --- [xmluml] [restartedMain] com.project.xmluml.XmlumlApplication     : Started XmlumlApplication in 10.448 seconds (process running for 19.911)
2025-02-20T16:02:08.262+01:00  INFO 14824 --- [xmluml] [SpringApplicationShutdownHook] o.s.b.w.e.tomcat.GracefulShutdown        : Commencing graceful shutdown. Waiting for active requests to complete
2025-02-20T16:02:08.290+01:00  INFO 14824 --- [xmluml] [tomcat-shutdown] o.s.b.w.e.tomcat.GracefulShutdown        : Graceful shutdown complete
2025-02-20T16:02:08.299+01:00  INFO 14824 --- [xmluml] [SpringApplicationShutdownHook] j.LocalContainerEntityManagerFactoryBean : Closing JPA EntityManagerFactory for persistence unit 'default'
2025-02-20T16:02:08.327+01:00  WARN 14824 --- [xmluml] [SpringApplicationShutdownHook] o.s.b.f.support.DisposableBeanAdapter    : Invocation of destroy method failed on bean with name 'inMemoryDatabaseShutdownExecutor': org.h2.jdbc.JdbcSQLNonTransientConnectionException: La base de données est déjà fermée (pour désactiver la fermeture automatique à l'arrêt de la VM, ajoutez "; DB_CLOSE_ON_EXIT = FALSE" à l'URL db)
Database is already closed (to disable automatic closing at VM shutdown, add ";DB_CLOSE_ON_EXIT=FALSE" to the db URL) [90121-232]
2025-02-20T16:02:08.328+01:00  INFO 14824 --- [xmluml] [SpringApplicationShutdownHook] com.zaxxer.hikari.HikariDataSource       : HikariPool-1 - Shutdown initiated...
2025-02-20T16:02:08.331+01:00  INFO 14824 --- [xmluml] [SpringApplicationShutdownHook] com.zaxxer.hikari.HikariDataSource       : HikariPool-1 - Shutdown completed.
