2025-02-13T15:37:11.489+01:00  INFO 5056 --- [sequense] [restartedMain] c.project.sequense.SequenseApplication   : Starting SequenseApplication using Java 23.0.1 with PID 5056 (C:\Users\asmae\Downloads\Student-MVC-Spring-main\Student-MVC-Spring-main\sequense\target\classes started by asmae in C:\Users\asmae\Downloads\Student-MVC-Spring-main\Student-MVC-Spring-main\sequense)
2025-02-13T15:37:11.519+01:00  INFO 5056 --- [sequense] [restartedMain] c.project.sequense.SequenseApplication   : No active profile set, falling back to 1 default profile: "default"
2025-02-13T15:37:11.647+01:00  INFO 5056 --- [sequense] [restartedMain] .e.DevToolsPropertyDefaultsPostProcessor : Devtools property defaults active! Set 'spring.devtools.add-properties' to 'false' to disable
2025-02-13T15:37:11.648+01:00  INFO 5056 --- [sequense] [restartedMain] .e.DevToolsPropertyDefaultsPostProcessor : For additional web related logging consider setting the 'logging.level.web' property to 'DEBUG'
2025-02-13T15:37:13.236+01:00  INFO 5056 --- [sequense] [restartedMain] .s.d.r.c.RepositoryConfigurationDelegate : Bootstrapping Spring Data JPA repositories in DEFAULT mode.
2025-02-13T15:37:13.266+01:00  INFO 5056 --- [sequense] [restartedMain] .s.d.r.c.RepositoryConfigurationDelegate : Finished Spring Data repository scanning in 14 ms. Found 0 JPA repository interfaces.
2025-02-13T15:37:14.072+01:00  INFO 5056 --- [sequense] [restartedMain] o.s.b.w.embedded.tomcat.TomcatWebServer  : Tomcat initialized with port 8085 (http)
2025-02-13T15:37:14.092+01:00  INFO 5056 --- [sequense] [restartedMain] o.apache.catalina.core.StandardService   : Starting service [Tomcat]
2025-02-13T15:37:14.092+01:00  INFO 5056 --- [sequense] [restartedMain] o.apache.catalina.core.StandardEngine    : Starting Servlet engine: [Apache Tomcat/10.1.34]
2025-02-13T15:37:14.153+01:00  INFO 5056 --- [sequense] [restartedMain] o.a.c.c.C.[Tomcat].[localhost].[/]       : Initializing Spring embedded WebApplicationContext
2025-02-13T15:37:14.154+01:00  INFO 5056 --- [sequense] [restartedMain] w.s.c.ServletWebServerApplicationContext : Root WebApplicationContext: initialization completed in 2504 ms
2025-02-13T15:37:14.372+01:00  INFO 5056 --- [sequense] [restartedMain] o.hibernate.jpa.internal.util.LogHelper  : HHH000204: Processing PersistenceUnitInfo [name: default]
2025-02-13T15:37:14.466+01:00  INFO 5056 --- [sequense] [restartedMain] org.hibernate.Version                    : HHH000412: Hibernate ORM core version 6.6.4.Final
2025-02-13T15:37:14.511+01:00  INFO 5056 --- [sequense] [restartedMain] o.h.c.internal.RegionFactoryInitiator    : HHH000026: Second-level cache disabled
2025-02-13T15:37:14.970+01:00  INFO 5056 --- [sequense] [restartedMain] o.s.o.j.p.SpringPersistenceUnitInfo      : No LoadTimeWeaver setup: ignoring JPA class transformer
2025-02-13T15:37:15.151+01:00  INFO 5056 --- [sequense] [restartedMain] com.zaxxer.hikari.HikariDataSource       : HikariPool-1 - Starting...
2025-02-13T15:37:17.078+01:00  INFO 5056 --- [sequense] [restartedMain] com.zaxxer.hikari.pool.HikariPool        : HikariPool-1 - Added connection conn0: url=jdbc:h2:mem:testdb user=SA
2025-02-13T15:37:17.082+01:00  INFO 5056 --- [sequense] [restartedMain] com.zaxxer.hikari.HikariDataSource       : HikariPool-1 - Start completed.
2025-02-13T15:37:17.158+01:00  INFO 5056 --- [sequense] [restartedMain] org.hibernate.orm.connections.pooling    : HHH10001005: Database info:
	Database JDBC URL [Connecting through datasource 'HikariDataSource (HikariPool-1)']
	Database driver: undefined/unknown
	Database version: 2.3.232
	Autocommit mode: undefined/unknown
	Isolation level: undefined/unknown
	Minimum pool size: undefined/unknown
	Maximum pool size: undefined/unknown
2025-02-13T15:37:17.796+01:00  INFO 5056 --- [sequense] [restartedMain] o.h.e.t.j.p.i.JtaPlatformInitiator       : HHH000489: No JTA platform available (set 'hibernate.transaction.jta.platform' to enable JTA platform integration)
2025-02-13T15:37:17.803+01:00  INFO 5056 --- [sequense] [restartedMain] j.LocalContainerEntityManagerFactoryBean : Initialized JPA EntityManagerFactory for persistence unit 'default'
2025-02-13T15:37:18.007+01:00  WARN 5056 --- [sequense] [restartedMain] JpaBaseConfiguration$JpaWebConfiguration : spring.jpa.open-in-view is enabled by default. Therefore, database queries may be performed during view rendering. Explicitly configure spring.jpa.open-in-view to disable this warning
2025-02-13T15:37:18.566+01:00  INFO 5056 --- [sequense] [restartedMain] o.s.b.a.h2.H2ConsoleAutoConfiguration    : H2 console available at '/h2-console'. Database available at 'jdbc:h2:mem:testdb'
2025-02-13T15:37:18.942+01:00  WARN 5056 --- [sequense] [restartedMain] o.s.b.d.a.OptionalLiveReloadServer       : Unable to start LiveReload server
2025-02-13T15:37:18.996+01:00  INFO 5056 --- [sequense] [restartedMain] o.s.b.w.embedded.tomcat.TomcatWebServer  : Tomcat started on port 8085 (http) with context path '/'
2025-02-13T15:37:19.005+01:00  INFO 5056 --- [sequense] [restartedMain] c.project.sequense.SequenseApplication   : Started SequenseApplication in 8.605 seconds (process running for 10.3)
2025-02-13T15:37:58.416+01:00  INFO 5056 --- [sequense] [http-nio-8085-exec-1] o.a.c.c.C.[Tomcat].[localhost].[/]       : Initializing Spring DispatcherServlet 'dispatcherServlet'
2025-02-13T15:37:58.421+01:00  INFO 5056 --- [sequense] [http-nio-8085-exec-1] o.s.web.servlet.DispatcherServlet        : Initializing Servlet 'dispatcherServlet'
2025-02-13T15:37:58.423+01:00  INFO 5056 --- [sequense] [http-nio-8085-exec-1] o.s.web.servlet.DispatcherServlet        : Completed initialization in 2 ms
2025-02-13T16:05:19.554+01:00  INFO 5056 --- [sequense] [SpringApplicationShutdownHook] o.s.b.w.e.tomcat.GracefulShutdown        : Commencing graceful shutdown. Waiting for active requests to complete
2025-02-13T16:05:19.746+01:00  INFO 5056 --- [sequense] [tomcat-shutdown] o.s.b.w.e.tomcat.GracefulShutdown        : Graceful shutdown complete
2025-02-13T16:05:19.909+01:00  INFO 5056 --- [sequense] [SpringApplicationShutdownHook] j.LocalContainerEntityManagerFactoryBean : Closing JPA EntityManagerFactory for persistence unit 'default'
2025-02-13T16:05:20.086+01:00  WARN 5056 --- [sequense] [SpringApplicationShutdownHook] o.s.b.f.support.DisposableBeanAdapter    : Invocation of destroy method failed on bean with name 'inMemoryDatabaseShutdownExecutor': org.h2.jdbc.JdbcSQLNonTransientConnectionException: La base de données est déjà fermée (pour désactiver la fermeture automatique à l'arrêt de la VM, ajoutez "; DB_CLOSE_ON_EXIT = FALSE" à l'URL db)
Database is already closed (to disable automatic closing at VM shutdown, add ";DB_CLOSE_ON_EXIT=FALSE" to the db URL) [90121-232]
2025-02-13T16:05:20.088+01:00  INFO 5056 --- [sequense] [SpringApplicationShutdownHook] com.zaxxer.hikari.HikariDataSource       : HikariPool-1 - Shutdown initiated...
2025-02-13T16:05:20.114+01:00  INFO 5056 --- [sequense] [SpringApplicationShutdownHook] com.zaxxer.hikari.HikariDataSource       : HikariPool-1 - Shutdown completed.
2025-02-13T16:05:29.879+01:00  INFO 2408 --- [sequense] [restartedMain] c.project.sequense.SequenseApplication   : Starting SequenseApplication using Java 23.0.1 with PID 2408 (C:\Users\asmae\Downloads\Student-MVC-Spring-main\Student-MVC-Spring-main\sequense\target\classes started by asmae in C:\Users\asmae\Downloads\Student-MVC-Spring-main\Student-MVC-Spring-main\sequense)
2025-02-13T16:05:29.881+01:00  INFO 2408 --- [sequense] [restartedMain] c.project.sequense.SequenseApplication   : No active profile set, falling back to 1 default profile: "default"
2025-02-13T16:05:29.968+01:00  INFO 2408 --- [sequense] [restartedMain] .e.DevToolsPropertyDefaultsPostProcessor : Devtools property defaults active! Set 'spring.devtools.add-properties' to 'false' to disable
2025-02-13T16:05:29.968+01:00  INFO 2408 --- [sequense] [restartedMain] .e.DevToolsPropertyDefaultsPostProcessor : For additional web related logging consider setting the 'logging.level.web' property to 'DEBUG'
2025-02-13T16:05:30.886+01:00  INFO 2408 --- [sequense] [restartedMain] .s.d.r.c.RepositoryConfigurationDelegate : Bootstrapping Spring Data JPA repositories in DEFAULT mode.
2025-02-13T16:05:30.909+01:00  INFO 2408 --- [sequense] [restartedMain] .s.d.r.c.RepositoryConfigurationDelegate : Finished Spring Data repository scanning in 12 ms. Found 0 JPA repository interfaces.
2025-02-13T16:05:31.804+01:00  INFO 2408 --- [sequense] [restartedMain] o.s.b.w.embedded.tomcat.TomcatWebServer  : Tomcat initialized with port 8085 (http)
2025-02-13T16:05:31.826+01:00  INFO 2408 --- [sequense] [restartedMain] o.apache.catalina.core.StandardService   : Starting service [Tomcat]
2025-02-13T16:05:31.827+01:00  INFO 2408 --- [sequense] [restartedMain] o.apache.catalina.core.StandardEngine    : Starting Servlet engine: [Apache Tomcat/10.1.34]
2025-02-13T16:05:31.888+01:00  INFO 2408 --- [sequense] [restartedMain] o.a.c.c.C.[Tomcat].[localhost].[/]       : Initializing Spring embedded WebApplicationContext
2025-02-13T16:05:31.889+01:00  INFO 2408 --- [sequense] [restartedMain] w.s.c.ServletWebServerApplicationContext : Root WebApplicationContext: initialization completed in 1920 ms
2025-02-13T16:05:32.099+01:00  INFO 2408 --- [sequense] [restartedMain] o.hibernate.jpa.internal.util.LogHelper  : HHH000204: Processing PersistenceUnitInfo [name: default]
2025-02-13T16:05:32.249+01:00  INFO 2408 --- [sequense] [restartedMain] org.hibernate.Version                    : HHH000412: Hibernate ORM core version 6.6.4.Final
2025-02-13T16:05:32.304+01:00  INFO 2408 --- [sequense] [restartedMain] o.h.c.internal.RegionFactoryInitiator    : HHH000026: Second-level cache disabled
2025-02-13T16:05:32.755+01:00  INFO 2408 --- [sequense] [restartedMain] o.s.o.j.p.SpringPersistenceUnitInfo      : No LoadTimeWeaver setup: ignoring JPA class transformer
2025-02-13T16:05:32.791+01:00  INFO 2408 --- [sequense] [restartedMain] com.zaxxer.hikari.HikariDataSource       : HikariPool-1 - Starting...
2025-02-13T16:05:33.042+01:00  INFO 2408 --- [sequense] [restartedMain] com.zaxxer.hikari.pool.HikariPool        : HikariPool-1 - Added connection conn0: url=jdbc:h2:mem:testdb user=SA
2025-02-13T16:05:33.044+01:00  INFO 2408 --- [sequense] [restartedMain] com.zaxxer.hikari.HikariDataSource       : HikariPool-1 - Start completed.
2025-02-13T16:05:33.112+01:00  INFO 2408 --- [sequense] [restartedMain] org.hibernate.orm.connections.pooling    : HHH10001005: Database info:
	Database JDBC URL [Connecting through datasource 'HikariDataSource (HikariPool-1)']
	Database driver: undefined/unknown
	Database version: 2.3.232
	Autocommit mode: undefined/unknown
	Isolation level: undefined/unknown
	Minimum pool size: undefined/unknown
	Maximum pool size: undefined/unknown
2025-02-13T16:05:33.558+01:00  INFO 2408 --- [sequense] [restartedMain] o.h.e.t.j.p.i.JtaPlatformInitiator       : HHH000489: No JTA platform available (set 'hibernate.transaction.jta.platform' to enable JTA platform integration)
2025-02-13T16:05:33.564+01:00  INFO 2408 --- [sequense] [restartedMain] j.LocalContainerEntityManagerFactoryBean : Initialized JPA EntityManagerFactory for persistence unit 'default'
2025-02-13T16:05:33.673+01:00  WARN 2408 --- [sequense] [restartedMain] JpaBaseConfiguration$JpaWebConfiguration : spring.jpa.open-in-view is enabled by default. Therefore, database queries may be performed during view rendering. Explicitly configure spring.jpa.open-in-view to disable this warning
2025-02-13T16:05:34.082+01:00  INFO 2408 --- [sequense] [restartedMain] o.s.b.a.h2.H2ConsoleAutoConfiguration    : H2 console available at '/h2-console'. Database available at 'jdbc:h2:mem:testdb'
2025-02-13T16:05:34.157+01:00  WARN 2408 --- [sequense] [restartedMain] o.s.b.d.a.OptionalLiveReloadServer       : Unable to start LiveReload server
2025-02-13T16:05:34.200+01:00  INFO 2408 --- [sequense] [restartedMain] o.s.b.w.embedded.tomcat.TomcatWebServer  : Tomcat started on port 8085 (http) with context path '/'
2025-02-13T16:05:34.208+01:00  INFO 2408 --- [sequense] [restartedMain] c.project.sequense.SequenseApplication   : Started SequenseApplication in 5.026 seconds (process running for 11.101)
2025-02-13T16:23:06.864+01:00  INFO 2408 --- [sequense] [SpringApplicationShutdownHook] o.s.b.w.e.tomcat.GracefulShutdown        : Commencing graceful shutdown. Waiting for active requests to complete
2025-02-13T16:23:06.951+01:00  INFO 2408 --- [sequense] [tomcat-shutdown] o.s.b.w.e.tomcat.GracefulShutdown        : Graceful shutdown complete
2025-02-13T16:23:06.996+01:00  INFO 2408 --- [sequense] [SpringApplicationShutdownHook] j.LocalContainerEntityManagerFactoryBean : Closing JPA EntityManagerFactory for persistence unit 'default'
2025-02-13T16:23:07.072+01:00  WARN 2408 --- [sequense] [SpringApplicationShutdownHook] o.s.b.f.support.DisposableBeanAdapter    : Invocation of destroy method failed on bean with name 'inMemoryDatabaseShutdownExecutor': org.h2.jdbc.JdbcSQLNonTransientConnectionException: La base de données est déjà fermée (pour désactiver la fermeture automatique à l'arrêt de la VM, ajoutez "; DB_CLOSE_ON_EXIT = FALSE" à l'URL db)
Database is already closed (to disable automatic closing at VM shutdown, add ";DB_CLOSE_ON_EXIT=FALSE" to the db URL) [90121-232]
2025-02-13T16:23:07.073+01:00  INFO 2408 --- [sequense] [SpringApplicationShutdownHook] com.zaxxer.hikari.HikariDataSource       : HikariPool-1 - Shutdown initiated...
2025-02-13T16:23:07.080+01:00  INFO 2408 --- [sequense] [SpringApplicationShutdownHook] com.zaxxer.hikari.HikariDataSource       : HikariPool-1 - Shutdown completed.
2025-02-13T16:23:13.501+01:00  INFO 16976 --- [sequense] [restartedMain] c.project.sequense.SequenseApplication   : Starting SequenseApplication using Java 23.0.1 with PID 16976 (C:\Users\asmae\Downloads\Student-MVC-Spring-main\Student-MVC-Spring-main\sequense\target\classes started by asmae in C:\Users\asmae\Downloads\Student-MVC-Spring-main\Student-MVC-Spring-main\sequense)
2025-02-13T16:23:13.505+01:00  INFO 16976 --- [sequense] [restartedMain] c.project.sequense.SequenseApplication   : No active profile set, falling back to 1 default profile: "default"
2025-02-13T16:23:13.596+01:00  INFO 16976 --- [sequense] [restartedMain] .e.DevToolsPropertyDefaultsPostProcessor : Devtools property defaults active! Set 'spring.devtools.add-properties' to 'false' to disable
2025-02-13T16:23:13.596+01:00  INFO 16976 --- [sequense] [restartedMain] .e.DevToolsPropertyDefaultsPostProcessor : For additional web related logging consider setting the 'logging.level.web' property to 'DEBUG'
2025-02-13T16:23:14.354+01:00  INFO 16976 --- [sequense] [restartedMain] .s.d.r.c.RepositoryConfigurationDelegate : Bootstrapping Spring Data JPA repositories in DEFAULT mode.
2025-02-13T16:23:14.375+01:00  INFO 16976 --- [sequense] [restartedMain] .s.d.r.c.RepositoryConfigurationDelegate : Finished Spring Data repository scanning in 11 ms. Found 0 JPA repository interfaces.
2025-02-13T16:23:15.063+01:00  INFO 16976 --- [sequense] [restartedMain] o.s.b.w.embedded.tomcat.TomcatWebServer  : Tomcat initialized with port 8085 (http)
2025-02-13T16:23:15.077+01:00  INFO 16976 --- [sequense] [restartedMain] o.apache.catalina.core.StandardService   : Starting service [Tomcat]
2025-02-13T16:23:15.078+01:00  INFO 16976 --- [sequense] [restartedMain] o.apache.catalina.core.StandardEngine    : Starting Servlet engine: [Apache Tomcat/10.1.34]
2025-02-13T16:23:15.134+01:00  INFO 16976 --- [sequense] [restartedMain] o.a.c.c.C.[Tomcat].[localhost].[/]       : Initializing Spring embedded WebApplicationContext
2025-02-13T16:23:15.135+01:00  INFO 16976 --- [sequense] [restartedMain] w.s.c.ServletWebServerApplicationContext : Root WebApplicationContext: initialization completed in 1538 ms
2025-02-13T16:23:15.315+01:00  INFO 16976 --- [sequense] [restartedMain] o.hibernate.jpa.internal.util.LogHelper  : HHH000204: Processing PersistenceUnitInfo [name: default]
2025-02-13T16:23:15.397+01:00  INFO 16976 --- [sequense] [restartedMain] org.hibernate.Version                    : HHH000412: Hibernate ORM core version 6.6.4.Final
2025-02-13T16:23:15.439+01:00  INFO 16976 --- [sequense] [restartedMain] o.h.c.internal.RegionFactoryInitiator    : HHH000026: Second-level cache disabled
2025-02-13T16:23:15.790+01:00  INFO 16976 --- [sequense] [restartedMain] o.s.o.j.p.SpringPersistenceUnitInfo      : No LoadTimeWeaver setup: ignoring JPA class transformer
2025-02-13T16:23:15.828+01:00  INFO 16976 --- [sequense] [restartedMain] com.zaxxer.hikari.HikariDataSource       : HikariPool-1 - Starting...
2025-02-13T16:23:16.079+01:00  INFO 16976 --- [sequense] [restartedMain] com.zaxxer.hikari.pool.HikariPool        : HikariPool-1 - Added connection conn0: url=jdbc:h2:mem:testdb user=SA
2025-02-13T16:23:16.081+01:00  INFO 16976 --- [sequense] [restartedMain] com.zaxxer.hikari.HikariDataSource       : HikariPool-1 - Start completed.
2025-02-13T16:23:16.153+01:00  INFO 16976 --- [sequense] [restartedMain] org.hibernate.orm.connections.pooling    : HHH10001005: Database info:
	Database JDBC URL [Connecting through datasource 'HikariDataSource (HikariPool-1)']
	Database driver: undefined/unknown
	Database version: 2.3.232
	Autocommit mode: undefined/unknown
	Isolation level: undefined/unknown
	Minimum pool size: undefined/unknown
	Maximum pool size: undefined/unknown
2025-02-13T16:23:16.608+01:00  INFO 16976 --- [sequense] [restartedMain] o.h.e.t.j.p.i.JtaPlatformInitiator       : HHH000489: No JTA platform available (set 'hibernate.transaction.jta.platform' to enable JTA platform integration)
2025-02-13T16:23:16.615+01:00  INFO 16976 --- [sequense] [restartedMain] j.LocalContainerEntityManagerFactoryBean : Initialized JPA EntityManagerFactory for persistence unit 'default'
2025-02-13T16:23:16.734+01:00  WARN 16976 --- [sequense] [restartedMain] JpaBaseConfiguration$JpaWebConfiguration : spring.jpa.open-in-view is enabled by default. Therefore, database queries may be performed during view rendering. Explicitly configure spring.jpa.open-in-view to disable this warning
2025-02-13T16:23:17.144+01:00  INFO 16976 --- [sequense] [restartedMain] o.s.b.a.h2.H2ConsoleAutoConfiguration    : H2 console available at '/h2-console'. Database available at 'jdbc:h2:mem:testdb'
2025-02-13T16:23:17.212+01:00  WARN 16976 --- [sequense] [restartedMain] o.s.b.d.a.OptionalLiveReloadServer       : Unable to start LiveReload server
2025-02-13T16:23:17.264+01:00  INFO 16976 --- [sequense] [restartedMain] o.s.b.w.embedded.tomcat.TomcatWebServer  : Tomcat started on port 8085 (http) with context path '/'
2025-02-13T16:23:17.276+01:00  INFO 16976 --- [sequense] [restartedMain] c.project.sequense.SequenseApplication   : Started SequenseApplication in 4.429 seconds (process running for 5.534)
2025-02-13T16:23:24.712+01:00  INFO 16976 --- [sequense] [http-nio-8085-exec-1] o.a.c.c.C.[Tomcat].[localhost].[/]       : Initializing Spring DispatcherServlet 'dispatcherServlet'
2025-02-13T16:23:24.713+01:00  INFO 16976 --- [sequense] [http-nio-8085-exec-1] o.s.web.servlet.DispatcherServlet        : Initializing Servlet 'dispatcherServlet'
2025-02-13T16:23:24.714+01:00  INFO 16976 --- [sequense] [http-nio-8085-exec-1] o.s.web.servlet.DispatcherServlet        : Completed initialization in 1 ms
2025-02-13T16:23:47.868+01:00  INFO 16976 --- [sequense] [http-nio-8085-exec-9] c.p.sequense.Service.SequenceService     : Début de la conversion des données en fichier XML.
2025-02-13T16:23:47.874+01:00  INFO 16976 --- [sequense] [http-nio-8085-exec-9] c.p.sequense.Service.SequenceService     : Fichier XML généré avec succès : C:\Users\asmae\Downloads\Student-MVC-Spring-main\Student-MVC-Spring-main\sequense\src\main\resources\xml\sequence_diagram.xml
2025-02-13T16:23:47.875+01:00  INFO 16976 --- [sequense] [http-nio-8085-exec-9] c.p.sequense.Service.SequenceService     : Début de la validation XML.
2025-02-13T16:23:48.082+01:00  INFO 16976 --- [sequense] [http-nio-8085-exec-9] c.p.sequense.Service.SequenceService     : Validation XML réussie.
2025-02-13T16:23:49.734+01:00  INFO 16976 --- [sequense] [http-nio-8085-exec-9] c.p.sequense.Service.SequenceService     : Diagramme SVG de séquence généré avec succès : C:\Users\asmae\Downloads\Student-MVC-Spring-main\Student-MVC-Spring-main\sequense\src\main\resources\svg\sequence_diagram.svg
